> Task :app:checkKotlinGradlePluginConfigurationErrors
> Task :app:preBuild UP-TO-DATE
> Task :app:preDebugBuild UP-TO-DATE
> Task :app:generateDebugBuildConfig UP-TO-DATE
> Task :app:checkDebugAarMetadata UP-TO-DATE
> Task :app:generateDebugResValues UP-TO-DATE
> Task :app:mapDebugSourceSetPaths UP-TO-DATE
> Task :app:generateDebugResources UP-TO-DATE
> Task :app:mergeDebugResources UP-TO-DATE
> Task :app:packageDebugResources UP-TO-DATE
> Task :app:parseDebugLocalResources UP-TO-DATE
> Task :app:createDebugCompatibleScreenManifests UP-TO-DATE
> Task :app:extractDeepLinksDebug UP-TO-DATE
> Task :app:processDebugMainManifest UP-TO-DATE
> Task :app:processDebugManifest UP-TO-DATE
> Task :app:processDebugManifestForPackage UP-TO-DATE
> Task :app:processDebugResources UP-TO-DATE
> Task :app:javaPreCompileDebug UP-TO-DATE
> Task :app:mergeDebugShaders UP-TO-DATE
> Task :app:compileDebugShaders NO-SOURCE
> Task :app:generateDebugAssets UP-TO-DATE
> Task :app:mergeDebugAssets UP-TO-DATE
> Task :app:compressDebugAssets UP-TO-DATE
> Task :app:desugarDebugFileDependencies UP-TO-DATE
> Task :app:checkDebugDuplicateClasses UP-TO-DATE
> Task :app:mergeDebugStartupProfile UP-TO-DATE
> Task :app:mergeExtDexDebug UP-TO-DATE
> Task :app:mergeLibDexDebug UP-TO-DATE
> Task :app:mergeDebugJniLibFolders UP-TO-DATE
> Task :app:mergeDebugNativeLibs NO-SOURCE
> Task :app:stripDebugDebugSymbols NO-SOURCE
> Task :app:validateSigningDebug UP-TO-DATE
> Task :app:writeDebugAppMetadata UP-TO-DATE
> Task :app:writeDebugSigningConfigVersions UP-TO-DATE
> Task :app:kaptGenerateStubsDebugKotlin
> Task :app:kaptDebugKotlin

> Task :app:compileDebugKotlin
e: file:///home/hemge/Cloud/021%20-%20Programmation/Android/Cardio/app/src/main/java/com/cardio/fitbit/data/repository/HealthRepository.kt:50:84 No value passed for parameter 'timestamp'
e: file:///home/hemge/Cloud/021%20-%20Programmation/Android/Cardio/app/src/main/java/com/cardio/fitbit/data/repository/HealthRepository.kt:55:20 Unresolved reference: getByDate
e: file:///home/hemge/Cloud/021%20-%20Programmation/Android/Cardio/app/src/main/java/com/cardio/fitbit/data/repository/HealthRepository.kt:60:20 Unresolved reference: insert
e: file:///home/hemge/Cloud/021%20-%20Programmation/Android/Cardio/app/src/main/java/com/cardio/fitbit/data/repository/HealthRepository.kt:60:90 No value passed for parameter 'timestamp'
e: file:///home/hemge/Cloud/021%20-%20Programmation/Android/Cardio/app/src/main/java/com/cardio/fitbit/data/repository/HealthRepository.kt:110:80 Unresolved reference: nativeRhr
e: file:///home/hemge/Cloud/021%20-%20Programmation/Android/Cardio/app/src/main/java/com/cardio/fitbit/ui/screens/DashboardViewModel.kt:141:30 Unresolved reference: saveMood
e: file:///home/hemge/Cloud/021%20-%20Programmation/Android/Cardio/app/src/main/java/com/cardio/fitbit/ui/screens/DashboardViewModel.kt:473:30 Unresolved reference: saveSymptoms

> Task :app:compileDebugKotlin FAILED

FAILURE: Build failed with an exception.

* What went wrong:
Execution failed for task ':app:compileDebugKotlin'.
> A failure occurred while executing org.jetbrains.kotlin.compilerRunner.GradleCompilerRunnerWithWorkers$GradleKotlinCompilerWorkAction
   > Compilation error. See log for more details

* Try:
> Run with --stacktrace option to get the stack trace.
> Run with --info or --debug option to get more log output.
> Run with --scan to get full insights.
> Get more help at https://help.gradle.org.

BUILD FAILED in 5s
31 actionable tasks: 4 executed, 27 up-to-date
